<?xml version="1.0" encoding="UTF-8"?>
<!-- Generated by org.testng.reporters.JUnitXMLReporter -->
<testsuite ignored="0" hostname="pc-visiteur1" failures="0" tests="3" name="Default test" time="31.995" errors="0" timestamp="2022-01-06T17:13:35 WAT">
  <testcase classname="Tests.HomePageTest" name="Check_Menu_Display" time="9.74"/>
  <testcase classname="Tests.HomePageTest" name="Check_Topnet_Logo_Display" time="0.038"/>
  <testcase classname="Tests.DefaultPageTest" name="DefaultPageTest" time="7.423"/>
</testsuite> <!-- Default test -->
